<?xml version="1.0" encoding="UTF-8"?>
<!-- Generated by org.testng.reporters.JUnitReportReporter -->
<testsuite hostname="DESKTOP-O24RFCS" failures="0" tests="3" name="projeto.udemy.tests.TestNg" time="8.949" errors="0" timestamp="2020-11-11T09:12:31 BRT" skipped="0">
  <testcase classname="projeto.udemy.tests.TestNg" name="reserveFlights" time="2.449"/>
  <system-out/>
  <testcase classname="projeto.udemy.tests.TestNg" name="register" time="4.503"/>
  <system-out/>
  <testcase classname="projeto.udemy.tests.TestNg" name="login" time="1.997"/>
  <system-out/>
</testsuite> <!-- projeto.udemy.tests.TestNg -->
