<?xml version="1.0" encoding="UTF-8"?>
<!-- Generated by org.testng.reporters.JUnitReportReporter -->
<testsuite hostname="DESKTOP-O24RFCS" failures="0" tests="3" name="projeto.testeng.tests.Tests" time="0.017" errors="0" timestamp="2020-11-10T09:43:01 BRT" skipped="1">
  <testcase classname="projeto.testeng.tests.Tests" name="test3" time="0.006"/>
  <system-out/>
  <testcase classname="projeto.testeng.tests.Tests" name="test2" time="0.011"/>
  <system-out/>
  <testcase classname="projeto.testeng.tests.Tests" name="test">
    <skipped/>
  </testcase> <!-- test -->
  <system-out/>
</testsuite> <!-- projeto.testeng.tests.Tests -->
