<?xml version="1.0" encoding="UTF-8"?>
<!-- Generated by org.testng.reporters.JUnitReportReporter -->
<testsuite hostname="DESKTOP-O24RFCS" failures="0" tests="3" name="projeto.testeng.tests.Tests" time="0.008" errors="0" timestamp="2020-11-10T11:44:49 BRT" skipped="0">
  <testcase classname="projeto.testeng.tests.Tests" name="test" time="0.002"/>
  <system-out/>
  <testcase classname="projeto.testeng.tests.Tests" name="test2" time="0.003"/>
  <system-out/>
  <testcase classname="projeto.testeng.tests.Tests" name="test3" time="0.003"/>
  <system-out/>
</testsuite> <!-- projeto.testeng.tests.Tests -->
