<?xml version="1.0" encoding="UTF-8"?>
<!-- Generated by org.testng.reporters.JUnitReportReporter -->
<testsuite hostname="DESKTOP-O24RFCS" failures="0" tests="8" name="projeto.testeng.tests.TestClass2" time="0.032" errors="0" timestamp="2020-11-10T10:50:17 BRT" skipped="0">
  <testcase classname="projeto.testeng.tests.TestClass2" name="thirdTestClass2" time="0.002"/>
  <system-out/>
  <testcase classname="projeto.testeng.tests.TestClass2" name="secondTestClass2" time="0.003"/>
  <system-out/>
  <testcase classname="projeto.testeng.tests.TestClass2" name="thirdTestClass2" time="0.010"/>
  <system-out/>
  <testcase classname="projeto.testeng.tests.TestClass2" name="firstTestClass2" time="0.003"/>
  <system-out/>
  <testcase classname="projeto.testeng.tests.TestClass2" name="fourthTestClass2" time="0.002"/>
  <system-out/>
  <testcase classname="projeto.testeng.tests.TestClass2" name="firstTestClass2" time="0.008"/>
  <system-out/>
  <testcase classname="projeto.testeng.tests.TestClass2" name="fourthTestClass2" time="0.002"/>
  <system-out/>
  <testcase classname="projeto.testeng.tests.TestClass2" name="secondTestClass2" time="0.002"/>
  <system-out/>
</testsuite> <!-- projeto.testeng.tests.TestClass2 -->
