<?xml version="1.0" encoding="UTF-8"?>
<!-- Generated by org.testng.reporters.JUnitReportReporter -->
<testsuite hostname="DESKTOP-O24RFCS" failures="0" tests="4" name="projeto.testeng.returntest.TestsReturn" time="0.037" errors="0" timestamp="2020-11-10T11:44:49 BRT" skipped="0">
  <testcase classname="projeto.testeng.returntest.TestsReturn" name="test4ClassReturn" time="0.016"/>
  <system-out/>
  <testcase classname="projeto.testeng.returntest.TestsReturn" name="test3ClassReturn" time="0.006"/>
  <system-out/>
  <testcase classname="projeto.testeng.returntest.TestsReturn" name="trueOrFalse" time="0.009"/>
  <system-out/>
  <testcase classname="projeto.testeng.returntest.TestsReturn" name="grettings" time="0.006"/>
  <system-out/>
</testsuite> <!-- projeto.testeng.returntest.TestsReturn -->
