<?xml version="1.0" encoding="UTF-8"?>
<!-- Generated by org.testng.reporters.JUnitReportReporter -->
<testsuite hostname="DESKTOP-O24RFCS" failures="0" tests="3" name="projeto.testeng.testparam.ParamTests" time="0.010" errors="0" timestamp="2020-11-10T11:14:14 BRT" skipped="1">
  <testcase classname="projeto.testeng.testparam.ParamTests" name="names" time="0.004"/>
  <system-out/>
  <testcase classname="projeto.testeng.testparam.ParamTests" name="names" time="0.006"/>
  <system-out/>
  <testcase classname="projeto.testeng.testparam.ParamTests" name="color">
    <skipped/>
  </testcase> <!-- color -->
  <system-out/>
</testsuite> <!-- projeto.testeng.testparam.ParamTests -->
