<?xml version="1.0" encoding="UTF-8"?>
<!-- Generated by org.testng.reporters.JUnitReportReporter -->
<testsuite hostname="DESKTOP-O24RFCS" failures="0" tests="4" name="projeto.testeng.returntest.TestsReturn" time="0.007" errors="0" timestamp="2020-11-10T10:50:17 BRT" skipped="0">
  <testcase classname="projeto.testeng.returntest.TestsReturn" name="test4ClassReturn" time="0.002"/>
  <system-out/>
  <testcase classname="projeto.testeng.returntest.TestsReturn" name="test3ClassReturn" time="0.001"/>
  <system-out/>
  <testcase classname="projeto.testeng.returntest.TestsReturn" name="trueOrFalse" time="0.002"/>
  <system-out/>
  <testcase classname="projeto.testeng.returntest.TestsReturn" name="grettings" time="0.002"/>
  <system-out/>
</testsuite> <!-- projeto.testeng.returntest.TestsReturn -->
