<?xml version="1.0" encoding="UTF-8"?>
<!-- Generated by org.testng.reporters.JUnitReportReporter -->
<testsuite hostname="DESKTOP-O24RFCS" failures="0" tests="2" name="projeto.testeng.testparam.TestesParametrizados" time="0.011" errors="0" timestamp="2020-11-10T11:31:17 BRT" skipped="0">
  <testcase classname="projeto.testeng.testparam.TestesParametrizados" name="cores" time="0.008"/>
  <system-out/>
  <testcase classname="projeto.testeng.testparam.TestesParametrizados" name="nome" time="0.003"/>
  <system-out/>
</testsuite> <!-- projeto.testeng.testparam.TestesParametrizados -->
