<?xml version="1.0" encoding="UTF-8"?>
<!-- Generated by org.testng.reporters.JUnitReportReporter -->
<testsuite hostname="DESKTOP-O24RFCS" failures="0" tests="4" name="projeto.testeng.newtests.TestClassNew" time="0.011" errors="0" timestamp="2020-11-10T13:22:10 BRT" skipped="0">
  <testcase classname="projeto.testeng.newtests.TestClassNew" name="fourthTestPackage2" time="0.002"/>
  <system-out/>
  <testcase classname="projeto.testeng.newtests.TestClassNew" name="secondTestPackage2" time="0.002"/>
  <system-out/>
  <testcase classname="projeto.testeng.newtests.TestClassNew" name="firstTestPackage2" time="0.005"/>
  <system-out/>
  <testcase classname="projeto.testeng.newtests.TestClassNew" name="thirdTestPackage2" time="0.002"/>
  <system-out/>
</testsuite> <!-- projeto.testeng.newtests.TestClassNew -->
